<?xml version="1.0" encoding="UTF-8"?>
<testsuite xmlns:xsi="http://www.w3.org/2001/XMLSchema-instance" xsi:noNamespaceSchemaLocation="https://maven.apache.org/surefire/maven-surefire-plugin/xsd/surefire-test-report.xsd" name="com.baeldung.avltree.AVLTreeTest" time="0.027" tests="10" errors="0" skipped="0" failures="0">
  <properties>
    <property name="java.specification.version" value="18"/>
    <property name="sun.jnu.encoding" value="UTF-8"/>
    <property name="java.class.path" value="/Users/rajathgowda/Documents/PAT_Assignment/Assignment-4/AVLTree/target/test-classes:/Users/rajathgowda/Documents/PAT_Assignment/Assignment-4/AVLTree/target/classes:/Users/rajathgowda/.m2/repository/junit/junit/4.11/junit-4.11.jar:/Users/rajathgowda/.m2/repository/org/hamcrest/hamcrest-core/1.3/hamcrest-core-1.3.jar:"/>
    <property name="java.vm.vendor" value="Homebrew"/>
    <property name="sun.arch.data.model" value="64"/>
    <property name="java.vendor.url" value="https://github.com/Homebrew/homebrew-core/issues"/>
    <property name="os.name" value="Mac OS X"/>
    <property name="java.vm.specification.version" value="18"/>
    <property name="sun.java.launcher" value="SUN_STANDARD"/>
    <property name="user.country" value="US"/>
    <property name="sun.boot.library.path" value="/opt/homebrew/Cellar/openjdk/18/libexec/openjdk.jdk/Contents/Home/lib"/>
    <property name="sun.java.command" value="/Users/rajathgowda/Documents/PAT_Assignment/Assignment-4/AVLTree/target/surefire/surefirebooter16813452822481757339.jar /Users/rajathgowda/Documents/PAT_Assignment/Assignment-4/AVLTree/target/surefire 2022-04-10T14-31-36_987-jvmRun1 surefire7771470850989470069tmp surefire_09658678158461442947tmp"/>
    <property name="http.nonProxyHosts" value="local|*.local|169.254/16|*.169.254/16"/>
    <property name="jdk.debug" value="release"/>
    <property name="surefire.test.class.path" value="/Users/rajathgowda/Documents/PAT_Assignment/Assignment-4/AVLTree/target/test-classes:/Users/rajathgowda/Documents/PAT_Assignment/Assignment-4/AVLTree/target/classes:/Users/rajathgowda/.m2/repository/junit/junit/4.11/junit-4.11.jar:/Users/rajathgowda/.m2/repository/org/hamcrest/hamcrest-core/1.3/hamcrest-core-1.3.jar:"/>
    <property name="sun.cpu.endian" value="little"/>
    <property name="user.home" value="/Users/rajathgowda"/>
    <property name="user.language" value="en"/>
    <property name="java.specification.vendor" value="Oracle Corporation"/>
    <property name="java.version.date" value="2022-03-22"/>
    <property name="java.home" value="/opt/homebrew/Cellar/openjdk/18/libexec/openjdk.jdk/Contents/Home"/>
    <property name="file.separator" value="/"/>
    <property name="basedir" value="/Users/rajathgowda/Documents/PAT_Assignment/Assignment-4/AVLTree"/>
    <property name="java.vm.compressedOopsMode" value="Zero based"/>
    <property name="line.separator" value="&#10;"/>
    <property name="java.vm.specification.vendor" value="Oracle Corporation"/>
    <property name="java.specification.name" value="Java Platform API Specification"/>
    <property name="apple.awt.application.name" value="ForkedBooter"/>
    <property name="surefire.real.class.path" value="/Users/rajathgowda/Documents/PAT_Assignment/Assignment-4/AVLTree/target/surefire/surefirebooter16813452822481757339.jar"/>
    <property name="sun.management.compiler" value="HotSpot 64-Bit Tiered Compilers"/>
    <property name="ftp.nonProxyHosts" value="local|*.local|169.254/16|*.169.254/16"/>
    <property name="java.runtime.version" value="18+0"/>
    <property name="user.name" value="rajathgowda"/>
    <property name="path.separator" value=":"/>
    <property name="os.version" value="12.3"/>
    <property name="java.runtime.name" value="OpenJDK Runtime Environment"/>
    <property name="file.encoding" value="UTF-8"/>
    <property name="java.vm.name" value="OpenJDK 64-Bit Server VM"/>
    <property name="java.vendor.version" value="Homebrew"/>
    <property name="localRepository" value="/Users/rajathgowda/.m2/repository"/>
    <property name="java.vendor.url.bug" value="https://github.com/Homebrew/homebrew-core/issues"/>
    <property name="java.io.tmpdir" value="/var/folders/v3/5phbs2_568g7d3wzg34s18lm0000gn/T/"/>
    <property name="java.version" value="18"/>
    <property name="user.dir" value="/Users/rajathgowda/Documents/PAT_Assignment/Assignment-4/AVLTree"/>
    <property name="os.arch" value="aarch64"/>
    <property name="java.vm.specification.name" value="Java Virtual Machine Specification"/>
    <property name="native.encoding" value="UTF-8"/>
    <property name="java.library.path" value="/Users/rajathgowda/Library/Java/Extensions:/Library/Java/Extensions:/Network/Library/Java/Extensions:/System/Library/Java/Extensions:/usr/lib/java:."/>
    <property name="java.vm.info" value="mixed mode, sharing"/>
    <property name="java.vendor" value="Homebrew"/>
    <property name="java.vm.version" value="18+0"/>
    <property name="sun.io.unicode.encoding" value="UnicodeBig"/>
    <property name="socksNonProxyHosts" value="local|*.local|169.254/16|*.169.254/16"/>
    <property name="java.class.version" value="62.0"/>
  </properties>
  <testcase name="givenSampleTree_whenInsertLeftCalled_treeShouldBeAvl" classname="com.baeldung.avltree.AVLTreeTest" time="0.002"/>
  <testcase name="givenEmptyTree_whenInsertCalled_treeShouldBeAvl" classname="com.baeldung.avltree.AVLTreeTest" time="0"/>
  <testcase name="givenEmptyTree_whenInsertCalled_heightShouldBeZero" classname="com.baeldung.avltree.AVLTreeTest" time="0"/>
  <testcase name="givenSampleTree_whenFindExistingKeyCalled_shouldReturnMatchedNode" classname="com.baeldung.avltree.AVLTreeTest" time="0"/>
  <testcase name="givenSampleTree_whenDeleteLeftCalled_treeShouldBeAvl" classname="com.baeldung.avltree.AVLTreeTest" time="0"/>
  <testcase name="givenSampleTree_whenFindNotExistingKeyCalled_shouldReturnNull" classname="com.baeldung.avltree.AVLTreeTest" time="0"/>
  <testcase name="givenEmptyTree_whenHeightCalled_shouldReturnMinus1" classname="com.baeldung.avltree.AVLTreeTest" time="0.001"/>
  <testcase name="givenSampleTree_whenDeleteCalled_treeShouldBeAvl" classname="com.baeldung.avltree.AVLTreeTest" time="0.003"/>
  <testcase name="givenEmptyTree_whenDeleteCalled_treeShouldBeAvl" classname="com.baeldung.avltree.AVLTreeTest" time="0"/>
  <testcase name="givenSampleTree_whenInsertCalled_treeShouldBeAvl" classname="com.baeldung.avltree.AVLTreeTest" time="0"/>
</testsuite>