<?xml version="1.0" encoding="UTF-8"?>
<testsuite xmlns:xsi="http://www.w3.org/2001/XMLSchema-instance" xsi:noNamespaceSchemaLocation="https://maven.apache.org/surefire/maven-surefire-plugin/xsd/surefire-test-report.xsd" name="com.baeldung.avltree.AVLTreeTest" time="0" tests="8" errors="0" skipped="0" failures="0">
  <properties>
    <property name="java.specification.version" value="16"/>
    <property name="sun.jnu.encoding" value="UTF-8"/>
    <property name="java.class.path" value="/Users/rajathgowda/Documents/PAT_Assignment/Assignment-4/AVLTree/target/test-classes:/Users/rajathgowda/Documents/PAT_Assignment/Assignment-4/AVLTree/target/classes:/Users/rajathgowda/.m2/repository/junit/junit/4.11/junit-4.11.jar:/Users/rajathgowda/.m2/repository/org/hamcrest/hamcrest-core/1.3/hamcrest-core-1.3.jar:"/>
    <property name="java.vm.vendor" value="Oracle Corporation"/>
    <property name="sun.arch.data.model" value="64"/>
    <property name="java.vendor.url" value="https://java.oracle.com/"/>
    <property name="os.name" value="Mac OS X"/>
    <property name="java.vm.specification.version" value="16"/>
    <property name="sun.java.launcher" value="SUN_STANDARD"/>
    <property name="user.country" value="US"/>
    <property name="sun.boot.library.path" value="/Users/rajathgowda/.p2/pool/plugins/org.eclipse.justj.openjdk.hotspot.jre.full.macosx.x86_64_16.0.2.v20210721-1149/jre/lib"/>
    <property name="sun.java.command" value="/Users/rajathgowda/Documents/PAT_Assignment/Assignment-4/AVLTree/target/surefire/surefirebooter13096600892217156737.jar /Users/rajathgowda/Documents/PAT_Assignment/Assignment-4/AVLTree/target/surefire 2022-04-09T14-28-23_813-jvmRun1 surefire6479965686892917205tmp surefire_012564408478392941742tmp"/>
    <property name="http.nonProxyHosts" value="local|*.local|169.254/16|*.169.254/16"/>
    <property name="jdk.debug" value="release"/>
    <property name="surefire.test.class.path" value="/Users/rajathgowda/Documents/PAT_Assignment/Assignment-4/AVLTree/target/test-classes:/Users/rajathgowda/Documents/PAT_Assignment/Assignment-4/AVLTree/target/classes:/Users/rajathgowda/.m2/repository/junit/junit/4.11/junit-4.11.jar:/Users/rajathgowda/.m2/repository/org/hamcrest/hamcrest-core/1.3/hamcrest-core-1.3.jar:"/>
    <property name="sun.cpu.endian" value="little"/>
    <property name="user.home" value="/Users/rajathgowda"/>
    <property name="user.language" value="en"/>
    <property name="java.specification.vendor" value="Oracle Corporation"/>
    <property name="java.version.date" value="2021-07-20"/>
    <property name="java.home" value="/Users/rajathgowda/.p2/pool/plugins/org.eclipse.justj.openjdk.hotspot.jre.full.macosx.x86_64_16.0.2.v20210721-1149/jre"/>
    <property name="file.separator" value="/"/>
    <property name="basedir" value="/Users/rajathgowda/Documents/PAT_Assignment/Assignment-4/AVLTree"/>
    <property name="java.vm.compressedOopsMode" value="Zero based"/>
    <property name="line.separator" value="&#10;"/>
    <property name="java.specification.name" value="Java Platform API Specification"/>
    <property name="java.vm.specification.vendor" value="Oracle Corporation"/>
    <property name="surefire.real.class.path" value="/Users/rajathgowda/Documents/PAT_Assignment/Assignment-4/AVLTree/target/surefire/surefirebooter13096600892217156737.jar"/>
    <property name="sun.management.compiler" value="HotSpot 64-Bit Tiered Compilers"/>
    <property name="ftp.nonProxyHosts" value="local|*.local|169.254/16|*.169.254/16"/>
    <property name="java.runtime.version" value="16.0.2+7-67"/>
    <property name="user.name" value="rajathgowda"/>
    <property name="path.separator" value=":"/>
    <property name="os.version" value="11.3"/>
    <property name="java.runtime.name" value="OpenJDK Runtime Environment"/>
    <property name="file.encoding" value="UTF-8"/>
    <property name="java.vm.name" value="OpenJDK 64-Bit Server VM"/>
    <property name="localRepository" value="/Users/rajathgowda/.m2/repository"/>
    <property name="java.vendor.url.bug" value="https://bugreport.java.com/bugreport/"/>
    <property name="java.io.tmpdir" value="/var/folders/v3/5phbs2_568g7d3wzg34s18lm0000gn/T/"/>
    <property name="java.version" value="16.0.2"/>
    <property name="user.dir" value="/Users/rajathgowda/Documents/PAT_Assignment/Assignment-4/AVLTree"/>
    <property name="os.arch" value="x86_64"/>
    <property name="java.vm.specification.name" value="Java Virtual Machine Specification"/>
    <property name="java.library.path" value="/Users/rajathgowda/Library/Java/Extensions:/Library/Java/Extensions:/Network/Library/Java/Extensions:/System/Library/Java/Extensions:/usr/lib/java:."/>
    <property name="java.vm.info" value="mixed mode"/>
    <property name="java.vendor" value="Oracle Corporation"/>
    <property name="java.vm.version" value="16.0.2+7-67"/>
    <property name="sun.io.unicode.encoding" value="UnicodeBig"/>
    <property name="socksNonProxyHosts" value="local|*.local|169.254/16|*.169.254/16"/>
    <property name="java.class.version" value="60.0"/>
  </properties>
  <testcase name="givenEmptyTree_whenInsertCalled_treeShouldBeAvl" classname="com.baeldung.avltree.AVLTreeTest" time="0"/>
  <testcase name="givenEmptyTree_whenInsertCalled_heightShouldBeZero" classname="com.baeldung.avltree.AVLTreeTest" time="0"/>
  <testcase name="givenSampleTree_whenFindExistingKeyCalled_shouldReturnMatchedNode" classname="com.baeldung.avltree.AVLTreeTest" time="0"/>
  <testcase name="givenSampleTree_whenFindNotExistingKeyCalled_shouldReturnNull" classname="com.baeldung.avltree.AVLTreeTest" time="0"/>
  <testcase name="givenEmptyTree_whenHeightCalled_shouldReturnMinus1" classname="com.baeldung.avltree.AVLTreeTest" time="0"/>
  <testcase name="givenSampleTree_whenDeleteCalled_treeShouldBeAvl" classname="com.baeldung.avltree.AVLTreeTest" time="0"/>
  <testcase name="givenEmptyTree_whenDeleteCalled_treeShouldBeAvl" classname="com.baeldung.avltree.AVLTreeTest" time="0"/>
  <testcase name="givenSampleTree_whenInsertCalled_treeShouldBeAvl" classname="com.baeldung.avltree.AVLTreeTest" time="0"/>
</testsuite>